In file included from [01m[K/home/vrep/MultiRobot/ros_workspace/followROS/src/vrep_ros_interface/include/vrep_ros_interface.h:76:0[m[K,
                 from [01m[K/home/vrep/MultiRobot/ros_workspace/followROS/src/vrep_ros_interface/src/vrep_ros_interface.cpp:1[m[K:
[01m[K/home/vrep/MultiRobot/ros_workspace/followROS/build/vrep_ros_interface/generated/ros_msg_io.h:92:10:[m[K [01;31m[Kfatal error: [m[KlightFollower/sensorMsg.h: No such file or directory
 #include [01;31m[K<lightFollower/sensorMsg.h>[m[K
          [01;31m[K^~~~~~~~~~~~~~~~~~~~~~~~~~~[m[K
compilation terminated.
In file included from [01m[K/home/vrep/MultiRobot/ros_workspace/followROS/build/vrep_ros_interface/generated/ros_srv_io.cpp:1:0[m[K:
[01m[K/home/vrep/MultiRobot/ros_workspace/followROS/build/vrep_ros_interface/generated/ros_msg_io.h:92:10:[m[K [01;31m[Kfatal error: [m[KlightFollower/sensorMsg.h: No such file or directory
 #include [01;31m[K<lightFollower/sensorMsg.h>[m[K
          [01;31m[K^~~~~~~~~~~~~~~~~~~~~~~~~~~[m[K
compilation terminated.
make[2]: *** [CMakeFiles/v_repExtRosInterface.dir/src/vrep_ros_interface.cpp.o] Error 1
make[2]: *** Waiting for unfinished jobs....
make[2]: *** [CMakeFiles/v_repExtRosInterface.dir/generated/ros_srv_io.cpp.o] Error 1
In file included from [01m[K/home/vrep/MultiRobot/ros_workspace/followROS/build/vrep_ros_interface/generated/ros_msg_io.cpp:1:0[m[K:
[01m[K/home/vrep/MultiRobot/ros_workspace/followROS/build/vrep_ros_interface/generated/ros_msg_io.h:92:10:[m[K [01;31m[Kfatal error: [m[KlightFollower/sensorMsg.h: No such file or directory
 #include [01;31m[K<lightFollower/sensorMsg.h>[m[K
          [01;31m[K^~~~~~~~~~~~~~~~~~~~~~~~~~~[m[K
compilation terminated.
make[2]: *** [CMakeFiles/v_repExtRosInterface.dir/generated/ros_msg_io.cpp.o] Error 1
make[1]: *** [CMakeFiles/v_repExtRosInterface.dir/all] Error 2
make: *** [all] Error 2
